[2020-03-25 01:03:41.782] [exthost] [info] extension host started
[2020-03-25 01:03:42.912] [exthost] [info] extension host started
[2020-03-25 01:03:42.954] [exthost] [info] ExtensionService#_doActivateExtension HookyQR.beautify {"startup":true,"activationEvent":"*"}
[2020-03-25 01:03:42.954] [exthost] [info] ExtensionService#loadCommonJSModule C:\Users\mta\Desarrollo\eclipse\eclipse_ide_2019_06\plugins\pack.core.win_3.6.0.201910290238\HookyQR.beautify-1.4.11\extension
[2020-03-25 01:03:43.191] [exthost] [info] ExtensionService#_doActivateExtension christian-kohler.path-intellisense {"startup":true,"activationEvent":"*"}
[2020-03-25 01:03:43.191] [exthost] [info] ExtensionService#loadCommonJSModule C:\Users\mta\Desarrollo\eclipse\eclipse_ide_2019_06\plugins\pack.core.win_3.6.0.201910290238\christian-kohler.path-intellisense-1.4.2\out\src\extension
[2020-03-25 01:03:43.237] [exthost] [info] ExtensionService#_doActivateExtension dbaeumer.vscode-eslint {"startup":true,"activationEvent":"*"}
[2020-03-25 01:03:43.237] [exthost] [info] ExtensionService#loadCommonJSModule C:\Users\mta\Desarrollo\eclipse\eclipse_ide_2019_06\plugins\pack.core.win_3.6.0.201910290238\dbaeumer.vscode-eslint-1.9.0\client\out\extension
[2020-03-25 01:03:43.320] [exthost] [info] ExtensionService#_doActivateExtension vscode.debug-auto-launch {"startup":true,"activationEvent":"*"}
[2020-03-25 01:03:43.320] [exthost] [info] ExtensionService#loadCommonJSModule c:\Users\mta\Desarrollo\eclipse\eclipse_ide_2019_06\plugins\com.genuitec.eclipse.code.engine.app.win32.x86_64_3.6.0.201910290238\engine\resources\app\extensions\debug-auto-launch\dist\extension
[2020-03-25 01:03:43.328] [exthost] [info] ExtensionService#_doActivateExtension vscode.emmet {"startup":true,"activationEvent":"*"}
[2020-03-25 01:03:43.328] [exthost] [info] ExtensionService#loadCommonJSModule c:\Users\mta\Desarrollo\eclipse\eclipse_ide_2019_06\plugins\com.genuitec.eclipse.code.engine.app.win32.x86_64_3.6.0.201910290238\engine\resources\app\extensions\emmet\dist\extension
[2020-03-25 01:03:43.362] [exthost] [info] ExtensionService#_doActivateExtension formulahendry.auto-close-tag {"startup":true,"activationEvent":"*"}
[2020-03-25 01:03:43.362] [exthost] [info] ExtensionService#loadCommonJSModule C:\Users\mta\Desarrollo\eclipse\eclipse_ide_2019_06\plugins\pack.core.win_3.6.0.201910290238\formulahendry.auto-close-tag-0.5.6\out\src\extension
[2020-03-25 01:03:43.367] [exthost] [info] ExtensionService#_doActivateExtension vscode.grunt {"startup":false,"activationEvent":"onCommand:workbench.action.tasks.runTask"}
[2020-03-25 01:03:43.367] [exthost] [info] ExtensionService#loadCommonJSModule c:\Users\mta\Desarrollo\eclipse\eclipse_ide_2019_06\plugins\com.genuitec.eclipse.code.engine.app.win32.x86_64_3.6.0.201910290238\engine\resources\app\extensions\grunt\dist\main
[2020-03-25 01:03:43.377] [exthost] [info] ExtensionService#_doActivateExtension vscode.gulp {"startup":false,"activationEvent":"onCommand:workbench.action.tasks.runTask"}
[2020-03-25 01:03:43.377] [exthost] [info] ExtensionService#loadCommonJSModule c:\Users\mta\Desarrollo\eclipse\eclipse_ide_2019_06\plugins\com.genuitec.eclipse.code.engine.app.win32.x86_64_3.6.0.201910290238\engine\resources\app\extensions\gulp\dist\main
[2020-03-25 01:03:43.387] [exthost] [info] ExtensionService#_doActivateExtension vscode.jake {"startup":false,"activationEvent":"onCommand:workbench.action.tasks.runTask"}
[2020-03-25 01:03:43.387] [exthost] [info] ExtensionService#loadCommonJSModule c:\Users\mta\Desarrollo\eclipse\eclipse_ide_2019_06\plugins\com.genuitec.eclipse.code.engine.app.win32.x86_64_3.6.0.201910290238\engine\resources\app\extensions\jake\dist\main
[2020-03-25 01:03:43.396] [exthost] [info] ExtensionService#_doActivateExtension vscode.npm {"startup":false,"activationEvent":"onCommand:workbench.action.tasks.runTask"}
[2020-03-25 01:03:43.396] [exthost] [info] ExtensionService#loadCommonJSModule c:\Users\mta\Desarrollo\eclipse\eclipse_ide_2019_06\plugins\com.genuitec.eclipse.code.engine.app.win32.x86_64_3.6.0.201910290238\engine\resources\app\extensions\npm\dist\main
[2020-03-25 01:03:43.442] [exthost] [info] ExtensionService#_doActivateExtension vscode.typescript-language-features {"startup":false,"activationEvent":"onCommand:workbench.action.tasks.runTask"}
[2020-03-25 01:03:43.442] [exthost] [info] ExtensionService#loadCommonJSModule c:\Users\mta\Desarrollo\eclipse\eclipse_ide_2019_06\plugins\com.genuitec.eclipse.code.engine.app.win32.x86_64_3.6.0.201910290238\engine\resources\app\extensions\typescript-language-features\dist\extension
[2020-03-25 01:03:43.563] [exthost] [info] eager extensions activated
[2020-03-25 01:11:58.805] [exthost] [info] ExtensionService#_doActivateExtension vscode.configuration-editing {"startup":false,"activationEvent":"onLanguage:jsonc"}
[2020-03-25 01:11:58.805] [exthost] [info] ExtensionService#loadCommonJSModule c:\Users\mta\Desarrollo\eclipse\eclipse_ide_2019_06\plugins\com.genuitec.eclipse.code.engine.app.win32.x86_64_3.6.0.201910290238\engine\resources\app\extensions\configuration-editing\dist\extension
[2020-03-25 01:11:58.846] [exthost] [info] ExtensionService#_doActivateExtension vscode.json-language-features {"startup":false,"activationEvent":"onLanguage:jsonc"}
[2020-03-25 01:11:58.846] [exthost] [info] ExtensionService#loadCommonJSModule c:\Users\mta\Desarrollo\eclipse\eclipse_ide_2019_06\plugins\com.genuitec.eclipse.code.engine.app.win32.x86_64_3.6.0.201910290238\engine\resources\app\extensions\json-language-features\client\dist\jsonMain
[2020-03-25 01:12:02.884] [exthost] [info] extension host started
[2020-03-25 01:12:02.935] [exthost] [info] ExtensionService#_doActivateExtension HookyQR.beautify {"startup":true,"activationEvent":"*"}
[2020-03-25 01:12:02.935] [exthost] [info] ExtensionService#loadCommonJSModule C:\Users\mta\Desarrollo\eclipse\eclipse_ide_2019_06\plugins\pack.core.win_3.6.0.201910290238\HookyQR.beautify-1.4.11\extension
[2020-03-25 01:12:02.988] [exthost] [info] ExtensionService#_doActivateExtension christian-kohler.path-intellisense {"startup":true,"activationEvent":"*"}
[2020-03-25 01:12:02.988] [exthost] [info] ExtensionService#loadCommonJSModule C:\Users\mta\Desarrollo\eclipse\eclipse_ide_2019_06\plugins\pack.core.win_3.6.0.201910290238\christian-kohler.path-intellisense-1.4.2\out\src\extension
[2020-03-25 01:12:03.006] [exthost] [info] ExtensionService#_doActivateExtension dbaeumer.vscode-eslint {"startup":true,"activationEvent":"*"}
[2020-03-25 01:12:03.006] [exthost] [info] ExtensionService#loadCommonJSModule C:\Users\mta\Desarrollo\eclipse\eclipse_ide_2019_06\plugins\pack.core.win_3.6.0.201910290238\dbaeumer.vscode-eslint-1.9.0\client\out\extension
[2020-03-25 01:12:03.020] [exthost] [info] ExtensionService#_doActivateExtension vscode.debug-auto-launch {"startup":true,"activationEvent":"*"}
[2020-03-25 01:12:03.020] [exthost] [info] ExtensionService#loadCommonJSModule c:\Users\mta\Desarrollo\eclipse\eclipse_ide_2019_06\plugins\com.genuitec.eclipse.code.engine.app.win32.x86_64_3.6.0.201910290238\engine\resources\app\extensions\debug-auto-launch\dist\extension
[2020-03-25 01:12:03.023] [exthost] [info] ExtensionService#_doActivateExtension vscode.emmet {"startup":true,"activationEvent":"*"}
[2020-03-25 01:12:03.023] [exthost] [info] ExtensionService#loadCommonJSModule c:\Users\mta\Desarrollo\eclipse\eclipse_ide_2019_06\plugins\com.genuitec.eclipse.code.engine.app.win32.x86_64_3.6.0.201910290238\engine\resources\app\extensions\emmet\dist\extension
[2020-03-25 01:12:03.027] [exthost] [info] ExtensionService#_doActivateExtension formulahendry.auto-close-tag {"startup":true,"activationEvent":"*"}
[2020-03-25 01:12:03.027] [exthost] [info] ExtensionService#loadCommonJSModule C:\Users\mta\Desarrollo\eclipse\eclipse_ide_2019_06\plugins\pack.core.win_3.6.0.201910290238\formulahendry.auto-close-tag-0.5.6\out\src\extension
[2020-03-25 01:12:03.031] [exthost] [info] ExtensionService#_doActivateExtension vscode.configuration-editing {"startup":false,"activationEvent":"onLanguage:json"}
[2020-03-25 01:12:03.031] [exthost] [info] ExtensionService#loadCommonJSModule c:\Users\mta\Desarrollo\eclipse\eclipse_ide_2019_06\plugins\com.genuitec.eclipse.code.engine.app.win32.x86_64_3.6.0.201910290238\engine\resources\app\extensions\configuration-editing\dist\extension
[2020-03-25 01:12:03.042] [exthost] [info] ExtensionService#_doActivateExtension vscode.extension-editing {"startup":false,"activationEvent":"onLanguage:json"}
[2020-03-25 01:12:03.042] [exthost] [info] ExtensionService#loadCommonJSModule c:\Users\mta\Desarrollo\eclipse\eclipse_ide_2019_06\plugins\com.genuitec.eclipse.code.engine.app.win32.x86_64_3.6.0.201910290238\engine\resources\app\extensions\extension-editing\dist\extension
[2020-03-25 01:12:03.119] [exthost] [info] ExtensionService#_doActivateExtension vscode.json-language-features {"startup":false,"activationEvent":"onLanguage:json"}
[2020-03-25 01:12:03.119] [exthost] [info] ExtensionService#loadCommonJSModule c:\Users\mta\Desarrollo\eclipse\eclipse_ide_2019_06\plugins\com.genuitec.eclipse.code.engine.app.win32.x86_64_3.6.0.201910290238\engine\resources\app\extensions\json-language-features\client\dist\jsonMain
[2020-03-25 01:12:03.200] [exthost] [info] ExtensionService#_doActivateExtension vscode.npm {"startup":false,"activationEvent":"onLanguage:json"}
[2020-03-25 01:12:03.200] [exthost] [info] ExtensionService#loadCommonJSModule c:\Users\mta\Desarrollo\eclipse\eclipse_ide_2019_06\plugins\com.genuitec.eclipse.code.engine.app.win32.x86_64_3.6.0.201910290238\engine\resources\app\extensions\npm\dist\main
[2020-03-25 01:12:03.205] [exthost] [info] ExtensionService#_doActivateExtension vscode.grunt {"startup":false,"activationEvent":"onCommand:workbench.action.tasks.runTask"}
[2020-03-25 01:12:03.205] [exthost] [info] ExtensionService#loadCommonJSModule c:\Users\mta\Desarrollo\eclipse\eclipse_ide_2019_06\plugins\com.genuitec.eclipse.code.engine.app.win32.x86_64_3.6.0.201910290238\engine\resources\app\extensions\grunt\dist\main
[2020-03-25 01:12:03.207] [exthost] [info] ExtensionService#_doActivateExtension vscode.gulp {"startup":false,"activationEvent":"onCommand:workbench.action.tasks.runTask"}
[2020-03-25 01:12:03.207] [exthost] [info] ExtensionService#loadCommonJSModule c:\Users\mta\Desarrollo\eclipse\eclipse_ide_2019_06\plugins\com.genuitec.eclipse.code.engine.app.win32.x86_64_3.6.0.201910290238\engine\resources\app\extensions\gulp\dist\main
[2020-03-25 01:12:03.209] [exthost] [info] ExtensionService#_doActivateExtension vscode.jake {"startup":false,"activationEvent":"onCommand:workbench.action.tasks.runTask"}
[2020-03-25 01:12:03.209] [exthost] [info] ExtensionService#loadCommonJSModule c:\Users\mta\Desarrollo\eclipse\eclipse_ide_2019_06\plugins\com.genuitec.eclipse.code.engine.app.win32.x86_64_3.6.0.201910290238\engine\resources\app\extensions\jake\dist\main
[2020-03-25 01:12:03.211] [exthost] [info] ExtensionService#_doActivateExtension vscode.typescript-language-features {"startup":false,"activationEvent":"onCommand:workbench.action.tasks.runTask"}
[2020-03-25 01:12:03.211] [exthost] [info] ExtensionService#loadCommonJSModule c:\Users\mta\Desarrollo\eclipse\eclipse_ide_2019_06\plugins\com.genuitec.eclipse.code.engine.app.win32.x86_64_3.6.0.201910290238\engine\resources\app\extensions\typescript-language-features\dist\extension
[2020-03-25 01:12:03.223] [exthost] [info] eager extensions activated
