[2020-03-25 01:27:51.622] [exthost] [info] extension host started
[2020-03-25 01:27:52.229] [exthost] [info] extension host started
[2020-03-25 01:27:52.267] [exthost] [info] ExtensionService#_doActivateExtension HookyQR.beautify {"startup":true,"activationEvent":"*"}
[2020-03-25 01:27:52.267] [exthost] [info] ExtensionService#loadCommonJSModule C:\Users\mta\Desarrollo\eclipse\eclipse_ide_2019_06\plugins\pack.core.win_3.6.0.201910290238\HookyQR.beautify-1.4.11\extension
[2020-03-25 01:27:52.360] [exthost] [info] ExtensionService#_doActivateExtension christian-kohler.path-intellisense {"startup":true,"activationEvent":"*"}
[2020-03-25 01:27:52.360] [exthost] [info] ExtensionService#loadCommonJSModule C:\Users\mta\Desarrollo\eclipse\eclipse_ide_2019_06\plugins\pack.core.win_3.6.0.201910290238\christian-kohler.path-intellisense-1.4.2\out\src\extension
[2020-03-25 01:27:52.376] [exthost] [info] ExtensionService#_doActivateExtension dbaeumer.vscode-eslint {"startup":true,"activationEvent":"*"}
[2020-03-25 01:27:52.376] [exthost] [info] ExtensionService#loadCommonJSModule C:\Users\mta\Desarrollo\eclipse\eclipse_ide_2019_06\plugins\pack.core.win_3.6.0.201910290238\dbaeumer.vscode-eslint-1.9.0\client\out\extension
[2020-03-25 01:27:52.434] [exthost] [info] ExtensionService#_doActivateExtension vscode.debug-auto-launch {"startup":true,"activationEvent":"*"}
[2020-03-25 01:27:52.435] [exthost] [info] ExtensionService#loadCommonJSModule c:\Users\mta\Desarrollo\eclipse\eclipse_ide_2019_06\plugins\com.genuitec.eclipse.code.engine.app.win32.x86_64_3.6.0.201910290238\engine\resources\app\extensions\debug-auto-launch\dist\extension
[2020-03-25 01:27:52.440] [exthost] [info] ExtensionService#_doActivateExtension vscode.emmet {"startup":true,"activationEvent":"*"}
[2020-03-25 01:27:52.440] [exthost] [info] ExtensionService#loadCommonJSModule c:\Users\mta\Desarrollo\eclipse\eclipse_ide_2019_06\plugins\com.genuitec.eclipse.code.engine.app.win32.x86_64_3.6.0.201910290238\engine\resources\app\extensions\emmet\dist\extension
[2020-03-25 01:27:52.461] [exthost] [info] ExtensionService#_doActivateExtension formulahendry.auto-close-tag {"startup":true,"activationEvent":"*"}
[2020-03-25 01:27:52.461] [exthost] [info] ExtensionService#loadCommonJSModule C:\Users\mta\Desarrollo\eclipse\eclipse_ide_2019_06\plugins\pack.core.win_3.6.0.201910290238\formulahendry.auto-close-tag-0.5.6\out\src\extension
[2020-03-25 01:27:52.463] [exthost] [info] ExtensionService#_doActivateExtension vscode.grunt {"startup":false,"activationEvent":"onCommand:workbench.action.tasks.runTask"}
[2020-03-25 01:27:52.463] [exthost] [info] ExtensionService#loadCommonJSModule c:\Users\mta\Desarrollo\eclipse\eclipse_ide_2019_06\plugins\com.genuitec.eclipse.code.engine.app.win32.x86_64_3.6.0.201910290238\engine\resources\app\extensions\grunt\dist\main
[2020-03-25 01:27:52.468] [exthost] [info] ExtensionService#_doActivateExtension vscode.gulp {"startup":false,"activationEvent":"onCommand:workbench.action.tasks.runTask"}
[2020-03-25 01:27:52.468] [exthost] [info] ExtensionService#loadCommonJSModule c:\Users\mta\Desarrollo\eclipse\eclipse_ide_2019_06\plugins\com.genuitec.eclipse.code.engine.app.win32.x86_64_3.6.0.201910290238\engine\resources\app\extensions\gulp\dist\main
[2020-03-25 01:27:52.472] [exthost] [info] ExtensionService#_doActivateExtension vscode.jake {"startup":false,"activationEvent":"onCommand:workbench.action.tasks.runTask"}
[2020-03-25 01:27:52.472] [exthost] [info] ExtensionService#loadCommonJSModule c:\Users\mta\Desarrollo\eclipse\eclipse_ide_2019_06\plugins\com.genuitec.eclipse.code.engine.app.win32.x86_64_3.6.0.201910290238\engine\resources\app\extensions\jake\dist\main
[2020-03-25 01:27:52.477] [exthost] [info] ExtensionService#_doActivateExtension vscode.npm {"startup":false,"activationEvent":"onCommand:workbench.action.tasks.runTask"}
[2020-03-25 01:27:52.477] [exthost] [info] ExtensionService#loadCommonJSModule c:\Users\mta\Desarrollo\eclipse\eclipse_ide_2019_06\plugins\com.genuitec.eclipse.code.engine.app.win32.x86_64_3.6.0.201910290238\engine\resources\app\extensions\npm\dist\main
[2020-03-25 01:27:52.506] [exthost] [info] ExtensionService#_doActivateExtension vscode.typescript-language-features {"startup":false,"activationEvent":"onCommand:workbench.action.tasks.runTask"}
[2020-03-25 01:27:52.506] [exthost] [info] ExtensionService#loadCommonJSModule c:\Users\mta\Desarrollo\eclipse\eclipse_ide_2019_06\plugins\com.genuitec.eclipse.code.engine.app.win32.x86_64_3.6.0.201910290238\engine\resources\app\extensions\typescript-language-features\dist\extension
[2020-03-25 01:27:52.589] [exthost] [info] eager extensions activated
